0 info it worked if it ends with ok
1 verbose cli [ '/usr/local/bin/node', '/usr/local/bin/npm', 'publish' ]
2 info using npm@1.2.18
3 info using node@v0.10.5
4 verbose publish [ '.' ]
5 verbose read json /Users/marcel/Documents/Projekte/github/node-json-rpc/package.json
6 verbose cache add [ '.', null ]
7 verbose cache add name=undefined spec="." args=[".",null]
8 verbose parsed url { protocol: null,
8 verbose parsed url   slashes: null,
8 verbose parsed url   auth: null,
8 verbose parsed url   host: null,
8 verbose parsed url   port: null,
8 verbose parsed url   hostname: null,
8 verbose parsed url   hash: null,
8 verbose parsed url   search: null,
8 verbose parsed url   query: null,
8 verbose parsed url   pathname: '.',
8 verbose parsed url   path: '.',
8 verbose parsed url   href: '.' }
9 silly lockFile 3a52ce78- .
10 verbose lock . /Users/marcel/.npm/3a52ce78-.lock
11 verbose read json package.json
12 verbose tar pack [ '/var/folders/zj/g8drzfmd62gbjhtdplwjqnhr0000gn/T/npm-38051/1381482534202-0.6382428980432451/tmp.tgz',
12 verbose tar pack   '.' ]
13 verbose tarball /var/folders/zj/g8drzfmd62gbjhtdplwjqnhr0000gn/T/npm-38051/1381482534202-0.6382428980432451/tmp.tgz
14 verbose folder .
15 info prepublish json-rpc@0.1.7
16 silly lockFile 3a52ce78- .
17 verbose lock . /Users/marcel/.npm/3a52ce78-.lock
18 silly lockFile a2027d84-34202-0-6382428980432451-tmp-tgz /var/folders/zj/g8drzfmd62gbjhtdplwjqnhr0000gn/T/npm-38051/1381482534202-0.6382428980432451/tmp.tgz
19 verbose lock /var/folders/zj/g8drzfmd62gbjhtdplwjqnhr0000gn/T/npm-38051/1381482534202-0.6382428980432451/tmp.tgz /Users/marcel/.npm/a2027d84-34202-0-6382428980432451-tmp-tgz.lock
20 silly lockFile 3a52ce78- .
21 silly lockFile 3a52ce78- .
22 silly lockFile a2027d84-34202-0-6382428980432451-tmp-tgz /var/folders/zj/g8drzfmd62gbjhtdplwjqnhr0000gn/T/npm-38051/1381482534202-0.6382428980432451/tmp.tgz
23 silly lockFile a2027d84-34202-0-6382428980432451-tmp-tgz /var/folders/zj/g8drzfmd62gbjhtdplwjqnhr0000gn/T/npm-38051/1381482534202-0.6382428980432451/tmp.tgz
24 verbose tar unpack /var/folders/zj/g8drzfmd62gbjhtdplwjqnhr0000gn/T/npm-38051/1381482534202-0.6382428980432451/tmp.tgz
25 silly lockFile e2e28d99-34202-0-6382428980432451-package /var/folders/zj/g8drzfmd62gbjhtdplwjqnhr0000gn/T/npm-38051/1381482534202-0.6382428980432451/package
26 verbose lock /var/folders/zj/g8drzfmd62gbjhtdplwjqnhr0000gn/T/npm-38051/1381482534202-0.6382428980432451/package /Users/marcel/.npm/e2e28d99-34202-0-6382428980432451-package.lock
27 silly lockFile a2027d84-34202-0-6382428980432451-tmp-tgz /var/folders/zj/g8drzfmd62gbjhtdplwjqnhr0000gn/T/npm-38051/1381482534202-0.6382428980432451/tmp.tgz
28 verbose lock /var/folders/zj/g8drzfmd62gbjhtdplwjqnhr0000gn/T/npm-38051/1381482534202-0.6382428980432451/tmp.tgz /Users/marcel/.npm/a2027d84-34202-0-6382428980432451-tmp-tgz.lock
29 silly gunzTarPerm modes [ '755', '644' ]
30 silly gunzTarPerm extractEntry package.json
31 silly gunzTarPerm extractEntry README.md
32 silly gunzTarPerm extractEntry LICENSE
33 silly gunzTarPerm extractEntry lib/json-rpc.js
34 silly gunzTarPerm extractEntry lib/json-rpc.min.js
35 verbose read json /var/folders/zj/g8drzfmd62gbjhtdplwjqnhr0000gn/T/npm-38051/1381482534202-0.6382428980432451/package/package.json
36 silly lockFile e2e28d99-34202-0-6382428980432451-package /var/folders/zj/g8drzfmd62gbjhtdplwjqnhr0000gn/T/npm-38051/1381482534202-0.6382428980432451/package
37 silly lockFile e2e28d99-34202-0-6382428980432451-package /var/folders/zj/g8drzfmd62gbjhtdplwjqnhr0000gn/T/npm-38051/1381482534202-0.6382428980432451/package
38 silly lockFile a2027d84-34202-0-6382428980432451-tmp-tgz /var/folders/zj/g8drzfmd62gbjhtdplwjqnhr0000gn/T/npm-38051/1381482534202-0.6382428980432451/tmp.tgz
39 silly lockFile a2027d84-34202-0-6382428980432451-tmp-tgz /var/folders/zj/g8drzfmd62gbjhtdplwjqnhr0000gn/T/npm-38051/1381482534202-0.6382428980432451/tmp.tgz
40 verbose from cache /var/folders/zj/g8drzfmd62gbjhtdplwjqnhr0000gn/T/npm-38051/1381482534202-0.6382428980432451/package/package.json
41 verbose tar pack [ '/Users/marcel/.npm/json-rpc/0.1.7/package.tgz',
41 verbose tar pack   '/var/folders/zj/g8drzfmd62gbjhtdplwjqnhr0000gn/T/npm-38051/1381482534202-0.6382428980432451/package' ]
42 verbose tarball /Users/marcel/.npm/json-rpc/0.1.7/package.tgz
43 verbose folder /var/folders/zj/g8drzfmd62gbjhtdplwjqnhr0000gn/T/npm-38051/1381482534202-0.6382428980432451/package
44 silly lockFile e2e28d99-34202-0-6382428980432451-package /var/folders/zj/g8drzfmd62gbjhtdplwjqnhr0000gn/T/npm-38051/1381482534202-0.6382428980432451/package
45 verbose lock /var/folders/zj/g8drzfmd62gbjhtdplwjqnhr0000gn/T/npm-38051/1381482534202-0.6382428980432451/package /Users/marcel/.npm/e2e28d99-34202-0-6382428980432451-package.lock
46 silly lockFile 5c6f1be3-l-npm-json-rpc-0-1-7-package-tgz /Users/marcel/.npm/json-rpc/0.1.7/package.tgz
47 verbose lock /Users/marcel/.npm/json-rpc/0.1.7/package.tgz /Users/marcel/.npm/5c6f1be3-l-npm-json-rpc-0-1-7-package-tgz.lock
48 silly lockFile e2e28d99-34202-0-6382428980432451-package /var/folders/zj/g8drzfmd62gbjhtdplwjqnhr0000gn/T/npm-38051/1381482534202-0.6382428980432451/package
49 silly lockFile e2e28d99-34202-0-6382428980432451-package /var/folders/zj/g8drzfmd62gbjhtdplwjqnhr0000gn/T/npm-38051/1381482534202-0.6382428980432451/package
50 silly lockFile 5c6f1be3-l-npm-json-rpc-0-1-7-package-tgz /Users/marcel/.npm/json-rpc/0.1.7/package.tgz
51 silly lockFile 5c6f1be3-l-npm-json-rpc-0-1-7-package-tgz /Users/marcel/.npm/json-rpc/0.1.7/package.tgz
52 silly lockFile 317e0a78-arcel-npm-json-rpc-0-1-7-package /Users/marcel/.npm/json-rpc/0.1.7/package
53 verbose lock /Users/marcel/.npm/json-rpc/0.1.7/package /Users/marcel/.npm/317e0a78-arcel-npm-json-rpc-0-1-7-package.lock
54 silly lockFile 317e0a78-arcel-npm-json-rpc-0-1-7-package /Users/marcel/.npm/json-rpc/0.1.7/package
55 silly lockFile 317e0a78-arcel-npm-json-rpc-0-1-7-package /Users/marcel/.npm/json-rpc/0.1.7/package
56 verbose tar unpack /Users/marcel/.npm/json-rpc/0.1.7/package.tgz
57 silly lockFile 317e0a78-arcel-npm-json-rpc-0-1-7-package /Users/marcel/.npm/json-rpc/0.1.7/package
58 verbose lock /Users/marcel/.npm/json-rpc/0.1.7/package /Users/marcel/.npm/317e0a78-arcel-npm-json-rpc-0-1-7-package.lock
59 silly lockFile 5c6f1be3-l-npm-json-rpc-0-1-7-package-tgz /Users/marcel/.npm/json-rpc/0.1.7/package.tgz
60 verbose lock /Users/marcel/.npm/json-rpc/0.1.7/package.tgz /Users/marcel/.npm/5c6f1be3-l-npm-json-rpc-0-1-7-package-tgz.lock
61 silly gunzTarPerm modes [ '755', '644' ]
62 silly gunzTarPerm extractEntry package.json
63 silly gunzTarPerm extractEntry README.md
64 silly gunzTarPerm extractEntry LICENSE
65 silly gunzTarPerm extractEntry lib/json-rpc.js
66 silly gunzTarPerm extractEntry lib/json-rpc.min.js
67 verbose read json /Users/marcel/.npm/json-rpc/0.1.7/package/package.json
68 silly lockFile 317e0a78-arcel-npm-json-rpc-0-1-7-package /Users/marcel/.npm/json-rpc/0.1.7/package
69 silly lockFile 317e0a78-arcel-npm-json-rpc-0-1-7-package /Users/marcel/.npm/json-rpc/0.1.7/package
70 silly lockFile 5c6f1be3-l-npm-json-rpc-0-1-7-package-tgz /Users/marcel/.npm/json-rpc/0.1.7/package.tgz
71 silly lockFile 5c6f1be3-l-npm-json-rpc-0-1-7-package-tgz /Users/marcel/.npm/json-rpc/0.1.7/package.tgz
72 silly shasum updated bytes 3126
73 info shasum 5e41f20b2867660b97906056c1914b777c165c8d
73 info shasum /Users/marcel/.npm/json-rpc/0.1.7/package.tgz
74 verbose from cache /Users/marcel/.npm/json-rpc/0.1.7/package/package.json
75 verbose chmod /Users/marcel/.npm/json-rpc/0.1.7/package.tgz 644
76 verbose chown /Users/marcel/.npm/json-rpc/0.1.7/package.tgz [ 501, 20 ]
77 silly lockFile 3a52ce78- .
78 silly publish { name: 'json-rpc',
78 silly publish   preferGlobal: false,
78 silly publish   version: '0.1.7',
78 silly publish   author: { name: 'Marcel Rieger', email: 'marcelrieger@me.com' },
78 silly publish   description: 'A simple and lightweight NodeJs JSON-RPC 2.0 implementation including object wrapping.',
78 silly publish   main: 'lib/json-rpc.min.js',
78 silly publish   repository: { type: 'git', url: 'https://github.com/riga/node-json-rpc' },
78 silly publish   keywords:
78 silly publish    [ 'rpc',
78 silly publish      'json',
78 silly publish      'json-rpc',
78 silly publish      'ssh',
78 silly publish      'remote',
78 silly publish      'node',
78 silly publish      'wrapping',
78 silly publish      'wrapper' ],
78 silly publish   licenses:
78 silly publish    [ { type: 'MIT', url: 'http://www.opensource.org/licenses/mit' },
78 silly publish      { type: 'GPL',
78 silly publish        url: 'http://www.opensource.org/licenses/gpl-2.0' } ],
78 silly publish   dependencies: { through: '2.3.4' },
78 silly publish   readme: 'node-json-rpc\n=============\n\nNodeJs JSON-RPC 2.0 implementation including object wrapping.\n\nTODO.',
78 silly publish   readmeFilename: 'README.md',
78 silly publish   _id: 'json-rpc@0.1.7',
78 silly publish   dist: { shasum: '5e41f20b2867660b97906056c1914b777c165c8d' },
78 silly publish   _from: '.' }
79 verbose url raw json-rpc
80 verbose url resolving [ 'https://registry.npmjs.org/', './json-rpc' ]
81 verbose url resolved https://registry.npmjs.org/json-rpc
82 info trying registry request attempt 1 at 09:09:04
83 http PUT https://registry.npmjs.org/json-rpc
84 http 409 https://registry.npmjs.org/json-rpc
85 verbose url raw json-rpc
86 verbose url resolving [ 'https://registry.npmjs.org/', './json-rpc' ]
87 verbose url resolved https://registry.npmjs.org/json-rpc
88 info trying registry request attempt 1 at 09:09:07
89 http GET https://registry.npmjs.org/json-rpc
90 http 200 https://registry.npmjs.org/json-rpc
91 error publish fail Cannot publish over existing version.
91 error publish fail Update the 'version' field in package.json and try again.
91 error publish fail
91 error publish fail If the previous version was published in error, see:
91 error publish fail     npm help unpublish
91 error publish fail
91 error publish fail To automatically increment version numbers, see:
91 error publish fail     npm help version
92 error System Darwin 12.5.0
93 error command "/usr/local/bin/node" "/usr/local/bin/npm" "publish"
94 error cwd /Users/marcel/Documents/Projekte/github/node-json-rpc
95 error node -v v0.10.5
96 error npm -v 1.2.18
97 error code EPUBLISHCONFLICT
98 verbose exit [ 1, true ]
